<?xml version="1.0" encoding="UTF-8"?>
<testsuite name="io.flutter.plugins.webviewflutter.CustomViewCallbackTest" tests="1" skipped="0" failures="0" errors="0" timestamp="2023-09-30T09:14:49" hostname="MacBook-Pro-2.local" time="1.225">
  <properties/>
  <testcase name="flutterApiCreate" classname="io.flutter.plugins.webviewflutter.CustomViewCallbackTest" time="1.225"/>
  <system-out><![CDATA[]]></system-out>
  <system-err><![CDATA[]]></system-err>
</testsuite>
